# JRE version: OpenJDK Runtime Environment Temurin-19.0.2+7 (19.0.2+7) (build 19.0.2+7)
# Java VM: OpenJDK 64-Bit Server VM Temurin-19.0.2+7 (19.0.2+7, mixed mode, sharing, tiered, compressed oops, compressed class ptrs, g1 gc, windows-amd64)
GC Precious Log:
 CardTable entry size: 512
 Card Set container configuration: InlinePtr #cards 5 size 8 Array Of Cards #cards 12 size 40 Howl #buckets 4 coarsen threshold 1843 Howl Bitmap #cards 512 size 80 coarsen threshold 460 Card regions per heap region 1 cards per card region 2048
 CPUs: 4 total, 4 available
 Memory: 16264M
 Large Page Support: Disabled
 NUMA Support: Disabled
 Compressed Oops: Enabled (32-bit)
 Heap Region Size: 1M
 Heap Min Capacity: 8M
 Heap Initial Capacity: 256M
 Heap Max Capacity: 1G
 Pre-touch: Disabled
 Parallel Workers: 4
 Concurrent Workers: 1
 Concurrent Refinement Workers: 4
 Periodic GC: Disabled
 String Deduplication is enabled
Heap:
 garbage-first heap   total 238592K, used 91136K [0x00000000c0000000, 0x0000000100000000)
  region size 1024K, 8 young (8192K), 8 survivors (8192K)
 Metaspace       used 25744K, committed 26560K, reserved 1114112K
  class space    used 2552K, committed 2944K, reserved 1048576K
GC Heap History (20 events):
Event: 13.331 GC heap after
{Heap after GC invocations=6 (full 0):
 garbage-first heap   total 262144K, used 46949K [0x00000000c0000000, 0x0000000100000000)
  region size 1024K, 2 young (2048K), 2 survivors (2048K)
 Metaspace       used 20120K, committed 20800K, reserved 1114112K
  class space    used 2072K, committed 2368K, reserved 1048576K
}
Event: 16.063 GC heap before
{Heap before GC invocations=6 (full 0):
 garbage-first heap   total 262144K, used 86885K [0x00000000c0000000, 0x0000000100000000)
  region size 1024K, 43 young (44032K), 2 survivors (2048K)
 Metaspace       used 20868K, committed 21504K, reserved 1114112K
  class space    used 2147K, committed 2432K, reserved 1048576K
}
Event: 16.077 GC heap after
{Heap after GC invocations=7 (full 0):
 garbage-first heap   total 262144K, used 49664K [0x00000000c0000000, 0x0000000100000000)
  region size 1024K, 4 young (4096K), 4 survivors (4096K)
 Metaspace       used 20868K, committed 21504K, reserved 1114112K
  class space    used 2147K, committed 2432K, reserved 1048576K
}
Event: 17.401 GC heap before
{Heap before GC invocations=8 (full 0):
 garbage-first heap   total 175104K, used 173568K [0x00000000c0000000, 0x0000000100000000)
  region size 1024K, 84 young (86016K), 4 survivors (4096K)
 Metaspace       used 20964K, committed 21696K, reserved 1114112K
  class space    used 2147K, committed 2432K, reserved 1048576K
}
Event: 17.443 GC heap after
{Heap after GC invocations=9 (full 0):
 garbage-first heap   total 208896K, used 79671K [0x00000000c0000000, 0x0000000100000000)
  region size 1024K, 17 young (17408K), 17 survivors (17408K)
 Metaspace       used 20964K, committed 21696K, reserved 1114112K
  class space    used 2147K, committed 2432K, reserved 1048576K
}
Event: 17.444 GC heap before
{Heap before GC invocations=9 (full 0):
 garbage-first heap   total 208896K, used 80695K [0x00000000c0000000, 0x0000000100000000)
  region size 1024K, 18 young (18432K), 17 survivors (17408K)
 Metaspace       used 20964K, committed 21696K, reserved 1114112K
  class space    used 2147K, committed 2432K, reserved 1048576K
}
Event: 17.471 GC heap after
{Heap after GC invocations=10 (full 0):
 garbage-first heap   total 208896K, used 74499K [0x00000000c0000000, 0x0000000100000000)
  region size 1024K, 2 young (2048K), 2 survivors (2048K)
 Metaspace       used 20964K, committed 21696K, reserved 1114112K
  class space    used 2147K, committed 2432K, reserved 1048576K
}
Event: 21.896 GC heap before
{Heap before GC invocations=10 (full 0):
 garbage-first heap   total 208896K, used 150275K [0x00000000c0000000, 0x0000000100000000)
  region size 1024K, 65 young (66560K), 2 survivors (2048K)
 Metaspace       used 21179K, committed 21888K, reserved 1114112K
  class space    used 2180K, committed 2496K, reserved 1048576K
}
Event: 21.910 GC heap after
{Heap after GC invocations=11 (full 0):
 garbage-first heap   total 208896K, used 83968K [0x00000000c0000000, 0x0000000100000000)
  region size 1024K, 9 young (9216K), 9 survivors (9216K)
 Metaspace       used 21179K, committed 21888K, reserved 1114112K
  class space    used 2180K, committed 2496K, reserved 1048576K
}
Event: 25.728 GC heap before
{Heap before GC invocations=11 (full 0):
 garbage-first heap   total 208896K, used 159744K [0x00000000c0000000, 0x0000000100000000)
  region size 1024K, 69 young (70656K), 9 survivors (9216K)
 Metaspace       used 23441K, committed 24192K, reserved 1114112K
  class space    used 2367K, committed 2752K, reserved 1048576K
}
Event: 25.748 GC heap after
{Heap after GC invocations=12 (full 0):
 garbage-first heap   total 208896K, used 94484K [0x00000000c0000000, 0x0000000100000000)
  region size 1024K, 9 young (9216K), 9 survivors (9216K)
 Metaspace       used 23441K, committed 24192K, reserved 1114112K
  class space    used 2367K, committed 2752K, reserved 1048576K
}
Event: 25.806 GC heap before
{Heap before GC invocations=12 (full 0):
 garbage-first heap   total 208896K, used 112916K [0x00000000c0000000, 0x0000000100000000)
  region size 1024K, 21 young (21504K), 9 survivors (9216K)
 Metaspace       used 23441K, committed 24192K, reserved 1114112K
  class space    used 2367K, committed 2752K, reserved 1048576K
}
Event: 25.824 GC heap after
{Heap after GC invocations=13 (full 0):
 garbage-first heap   total 208896K, used 102705K [0x00000000c0000000, 0x0000000100000000)
  region size 1024K, 8 young (8192K), 8 survivors (8192K)
 Metaspace       used 23441K, committed 24192K, reserved 1114112K
  class space    used 2367K, committed 2752K, reserved 1048576K
}
Event: 27.558 GC heap before
{Heap before GC invocations=14 (full 0):
 garbage-first heap   total 208896K, used 136497K [0x00000000c0000000, 0x0000000100000000)
  region size 1024K, 48 young (49152K), 8 survivors (8192K)
 Metaspace       used 25561K, committed 26432K, reserved 1114112K
  class space    used 2550K, committed 2944K, reserved 1048576K
}
Event: 27.577 GC heap after
{Heap after GC invocations=15 (full 0):
 garbage-first heap   total 208896K, used 95102K [0x00000000c0000000, 0x0000000100000000)
  region size 1024K, 6 young (6144K), 6 survivors (6144K)
 Metaspace       used 25561K, committed 26432K, reserved 1114112K
  class space    used 2550K, committed 2944K, reserved 1048576K
}
Event: 27.606 GC heap before
{Heap before GC invocations=15 (full 0):
 garbage-first heap   total 208896K, used 101246K [0x00000000c0000000, 0x0000000100000000)
  region size 1024K, 10 young (10240K), 6 survivors (6144K)
 Metaspace       used 25561K, committed 26432K, reserved 1114112K
  class space    used 2550K, committed 2944K, reserved 1048576K
}
Event: 27.618 GC heap after
{Heap after GC invocations=16 (full 0):
 garbage-first heap   total 208896K, used 78199K [0x00000000c0000000, 0x0000000100000000)
  region size 1024K, 2 young (2048K), 2 survivors (2048K)
 Metaspace       used 25561K, committed 26432K, reserved 1114112K
  class space    used 2550K, committed 2944K, reserved 1048576K
}
Event: 27.663 GC heap before
{Heap before GC invocations=16 (full 0):
 garbage-first heap   total 208896K, used 91511K [0x00000000c0000000, 0x0000000100000000)
  region size 1024K, 10 young (10240K), 2 survivors (2048K)
 Metaspace       used 25561K, committed 26432K, reserved 1114112K
  class space    used 2550K, committed 2944K, reserved 1048576K
}
Event: 27.679 GC heap after
{Heap after GC invocations=17 (full 0):
 garbage-first heap   total 208896K, used 71680K [0x00000000c0000000, 0x0000000100000000)
  region size 1024K, 2 young (2048K), 2 survivors (2048K)
 Metaspace       used 25561K, committed 26432K, reserved 1114112K
  class space    used 2550K, committed 2944K, reserved 1048576K
}
Event: 29.538 GC heap before
{Heap before GC invocations=17 (full 0):
 garbage-first heap   total 208896K, used 149504K [0x00000000c0000000, 0x0000000100000000)
  region size 1024K, 58 young (59392K), 2 survivors (2048K)
 Metaspace       used 25744K, committed 26560K, reserved 1114112K
  class space    used 2552K, committed 2944K, reserved 1048576K
}

