# JRE version: OpenJDK Runtime Environment Temurin-19.0.2+7 (19.0.2+7) (build 19.0.2+7)
# Java VM: OpenJDK 64-Bit Server VM Temurin-19.0.2+7 (19.0.2+7, mixed mode, sharing, tiered, compressed oops, compressed class ptrs, g1 gc, windows-amd64)
GC Precious Log:
 CardTable entry size: 512
 Card Set container configuration: InlinePtr #cards 5 size 8 Array Of Cards #cards 12 size 40 Howl #buckets 4 coarsen threshold 1843 Howl Bitmap #cards 512 size 80 coarsen threshold 460 Card regions per heap region 1 cards per card region 2048
 CPUs: 4 total, 4 available
 Memory: 16264M
 Large Page Support: Disabled
 NUMA Support: Disabled
 Compressed Oops: Enabled (32-bit)
 Heap Region Size: 1M
 Heap Min Capacity: 8M
 Heap Initial Capacity: 256M
 Heap Max Capacity: 1G
 Pre-touch: Disabled
 Parallel Workers: 4
 Concurrent Workers: 1
 Concurrent Refinement Workers: 4
 Periodic GC: Disabled
 String Deduplication is enabled
Heap:
 garbage-first heap   total 248832K, used 148222K [0x00000000c0000000, 0x0000000100000000)
  region size 1024K, 67 young (68608K), 13 survivors (13312K)
 Metaspace       used 25633K, committed 26368K, reserved 1114112K
  class space    used 2547K, committed 2880K, reserved 1048576K
GC Heap History (20 events):
Event: 0.770 GC heap before
{Heap before GC invocations=0 (full 0):
 garbage-first heap   total 262144K, used 13312K [0x00000000c0000000, 0x0000000100000000)
  region size 1024K, 13 young (13312K), 0 survivors (0K)
 Metaspace       used 4094K, committed 4224K, reserved 1114112K
  class space    used 393K, committed 448K, reserved 1048576K
}
Event: 0.775 GC heap after
{Heap after GC invocations=1 (full 0):
 garbage-first heap   total 262144K, used 2639K [0x00000000c0000000, 0x0000000100000000)
  region size 1024K, 2 young (2048K), 2 survivors (2048K)
 Metaspace       used 4094K, committed 4224K, reserved 1114112K
  class space    used 393K, committed 448K, reserved 1048576K
}
Event: 1.948 GC heap before
{Heap before GC invocations=1 (full 0):
 garbage-first heap   total 262144K, used 17999K [0x00000000c0000000, 0x0000000100000000)
  region size 1024K, 18 young (18432K), 2 survivors (2048K)
 Metaspace       used 10187K, committed 10560K, reserved 1114112K
  class space    used 1041K, committed 1152K, reserved 1048576K
}
Event: 1.956 GC heap after
{Heap after GC invocations=2 (full 0):
 garbage-first heap   total 262144K, used 4799K [0x00000000c0000000, 0x0000000100000000)
  region size 1024K, 3 young (3072K), 3 survivors (3072K)
 Metaspace       used 10187K, committed 10560K, reserved 1114112K
  class space    used 1041K, committed 1152K, reserved 1048576K
}
Event: 5.144 GC heap before
{Heap before GC invocations=2 (full 0):
 garbage-first heap   total 262144K, used 84671K [0x00000000c0000000, 0x0000000100000000)
  region size 1024K, 72 young (73728K), 3 survivors (3072K)
 Metaspace       used 16243K, committed 16832K, reserved 1114112K
  class space    used 1598K, committed 1856K, reserved 1048576K
}
Event: 5.180 GC heap after
{Heap after GC invocations=3 (full 0):
 garbage-first heap   total 262144K, used 28100K [0x00000000c0000000, 0x0000000100000000)
  region size 1024K, 9 young (9216K), 9 survivors (9216K)
 Metaspace       used 16243K, committed 16832K, reserved 1114112K
  class space    used 1598K, committed 1856K, reserved 1048576K
}
Event: 6.271 GC heap before
{Heap before GC invocations=3 (full 0):
 garbage-first heap   total 262144K, used 89540K [0x00000000c0000000, 0x0000000100000000)
  region size 1024K, 53 young (54272K), 9 survivors (9216K)
 Metaspace       used 20138K, committed 20864K, reserved 1114112K
  class space    used 2087K, committed 2432K, reserved 1048576K
}
Event: 6.307 GC heap after
{Heap after GC invocations=4 (full 0):
 garbage-first heap   total 262144K, used 43520K [0x00000000c0000000, 0x0000000100000000)
  region size 1024K, 7 young (7168K), 7 survivors (7168K)
 Metaspace       used 20138K, committed 20864K, reserved 1114112K
  class space    used 2087K, committed 2432K, reserved 1048576K
}
Event: 6.604 GC heap before
{Heap before GC invocations=4 (full 0):
 garbage-first heap   total 262144K, used 89600K [0x00000000c0000000, 0x0000000100000000)
  region size 1024K, 52 young (53248K), 7 survivors (7168K)
 Metaspace       used 20142K, committed 20864K, reserved 1114112K
  class space    used 2087K, committed 2432K, reserved 1048576K
}
Event: 6.618 GC heap after
{Heap after GC invocations=5 (full 0):
 garbage-first heap   total 262144K, used 45412K [0x00000000c0000000, 0x0000000100000000)
  region size 1024K, 2 young (2048K), 2 survivors (2048K)
 Metaspace       used 20142K, committed 20864K, reserved 1114112K
  class space    used 2087K, committed 2432K, reserved 1048576K
}
Event: 8.422 GC heap before
{Heap before GC invocations=5 (full 0):
 garbage-first heap   total 262144K, used 103780K [0x00000000c0000000, 0x0000000100000000)
  region size 1024K, 50 young (51200K), 2 survivors (2048K)
 Metaspace       used 20861K, committed 21504K, reserved 1114112K
  class space    used 2147K, committed 2432K, reserved 1048576K
}
Event: 8.435 GC heap after
{Heap after GC invocations=6 (full 0):
 garbage-first heap   total 262144K, used 55392K [0x00000000c0000000, 0x0000000100000000)
  region size 1024K, 11 young (11264K), 11 survivors (11264K)
 Metaspace       used 20861K, committed 21504K, reserved 1114112K
  class space    used 2147K, committed 2432K, reserved 1048576K
}
Event: 11.819 GC heap before
{Heap before GC invocations=7 (full 0):
 garbage-first heap   total 239616K, used 223328K [0x00000000c0000000, 0x0000000100000000)
  region size 1024K, 132 young (135168K), 11 survivors (11264K)
 Metaspace       used 21126K, committed 21888K, reserved 1114112K
  class space    used 2179K, committed 2496K, reserved 1048576K
}
Event: 11.853 GC heap after
{Heap after GC invocations=8 (full 0):
 garbage-first heap   total 248832K, used 66900K [0x00000000c0000000, 0x0000000100000000)
  region size 1024K, 17 young (17408K), 17 survivors (17408K)
 Metaspace       used 21126K, committed 21888K, reserved 1114112K
  class space    used 2179K, committed 2496K, reserved 1048576K
}
Event: 11.886 GC heap before
{Heap before GC invocations=8 (full 0):
 garbage-first heap   total 248832K, used 67924K [0x00000000c0000000, 0x0000000100000000)
  region size 1024K, 18 young (18432K), 17 survivors (17408K)
 Metaspace       used 21126K, committed 21888K, reserved 1114112K
  class space    used 2179K, committed 2496K, reserved 1048576K
}
Event: 11.911 GC heap after
{Heap after GC invocations=9 (full 0):
 garbage-first heap   total 248832K, used 65245K [0x00000000c0000000, 0x0000000100000000)
  region size 1024K, 2 young (2048K), 2 survivors (2048K)
 Metaspace       used 21126K, committed 21888K, reserved 1114112K
  class space    used 2179K, committed 2496K, reserved 1048576K
}
Event: 20.300 GC heap before
{Heap before GC invocations=9 (full 0):
 garbage-first heap   total 248832K, used 149213K [0x00000000c0000000, 0x0000000100000000)
  region size 1024K, 84 young (86016K), 2 survivors (2048K)
 Metaspace       used 21135K, committed 21888K, reserved 1114112K
  class space    used 2179K, committed 2496K, reserved 1048576K
}
Event: 20.309 GC heap after
{Heap after GC invocations=10 (full 0):
 garbage-first heap   total 248832K, used 65501K [0x00000000c0000000, 0x0000000100000000)
  region size 1024K, 2 young (2048K), 2 survivors (2048K)
 Metaspace       used 21135K, committed 21888K, reserved 1114112K
  class space    used 2179K, committed 2496K, reserved 1048576K
}
Event: 24.813 GC heap before
{Heap before GC invocations=10 (full 0):
 garbage-first heap   total 248832K, used 194525K [0x00000000c0000000, 0x0000000100000000)
  region size 1024K, 97 young (99328K), 2 survivors (2048K)
 Metaspace       used 24735K, committed 25472K, reserved 1114112K
  class space    used 2471K, committed 2816K, reserved 1048576K
}
Event: 24.870 GC heap after
{Heap after GC invocations=11 (full 0):
 garbage-first heap   total 248832K, used 94974K [0x00000000c0000000, 0x0000000100000000)
  region size 1024K, 13 young (13312K), 13 survivors (13312K)
 Metaspace       used 24735K, committed 25472K, reserved 1114112K
  class space    used 2471K, committed 2816K, reserved 1048576K
}

